Change Component Designator: Old Designator=C? New Designator=C1
Change Component Designator: Old Designator=C? New Designator=C2
Change Component Designator: Old Designator=C? New Designator=C3
Change Component Designator: Old Designator=C? New Designator=C4
Change Component Designator: Old Designator=C? New Designator=C5
Change Component Designator: Old Designator=C? New Designator=C6
Change Component Designator: Old Designator=C? New Designator=C7
Change Component Designator: Old Designator=C? New Designator=C8
Change Component Designator: Old Designator=C? New Designator=C9
Change Component Designator: Old Designator=C? New Designator=C10
Change Component Designator: Old Designator=CI? New Designator=CI1
Change Component Designator: Old Designator=CI? New Designator=CI2
Change Component Designator: Old Designator=CI? New Designator=CI3
Change Component Designator: Old Designator=CN? New Designator=CN1
Change Component Designator: Old Designator=CN? New Designator=CN2
Change Component Designator: Old Designator=CN? New Designator=CN3
Change Component Designator: Old Designator=CN? New Designator=CN4
Change Component Designator: Old Designator=CN? New Designator=CN5
Change Component Designator: Old Designator=CN? New Designator=CN6
Change Component Designator: Old Designator=CN? New Designator=CN7
Change Component Designator: Old Designator=CN? New Designator=CN8
Change Component Designator: Old Designator=F? New Designator=F1
Change Component Designator: Old Designator=F? New Designator=F2
Change Component Designator: Old Designator=F? New Designator=F3
Change Component Designator: Old Designator=R? New Designator=R1
Change Component Designator: Old Designator=R? New Designator=R2
