Change Component Designator: Old Designator=BZ1 New Designator=BZ?
Change Component Designator: Old Designator=CN7 New Designator=CN?
Change Component Designator: Old Designator=CN8 New Designator=CN?
Change Component Designator: Old Designator=D1 New Designator=D?
Change Component Designator: Old Designator=D2 New Designator=D?
Change Component Designator: Old Designator=F4 New Designator=F?
Change Component Designator: Old Designator=F5 New Designator=F?
Change Component Designator: Old Designator=F6 New Designator=F?
Change Component Designator: Old Designator=F7 New Designator=F?
Change Component Designator: Old Designator=F8 New Designator=F?
Change Component Designator: Old Designator=F9 New Designator=F?
Change Component Designator: Old Designator=L1 New Designator=L?
Change Component Designator: Old Designator=R3 New Designator=R?
Change Component Designator: Old Designator=R4 New Designator=R?
Change Component Designator: Old Designator=R5 New Designator=R?
Change Component Designator: Old Designator=R6 New Designator=R?
Change Component Designator: Old Designator=R7 New Designator=R?
Change Component Designator: Old Designator=T1 New Designator=T?
Change Component Designator: Old Designator=T2 New Designator=T?
Change Component Designator: Old Designator=T3 New Designator=T?
