Change Physical Footprint: Designator=BZ1 Old Footprint=BUZZER 12mm New Footprint=BUZZER 12mm
Change Physical Footprint: Designator=C1 Old Footprint=C0603 New Footprint=C0603
Change Physical Footprint: Designator=C2 Old Footprint=C0603 New Footprint=C0603
Change Physical Footprint: Designator=C3 Old Footprint=C_ELET_D8P5/3.5 New Footprint=C_ELET_D8P5/3.5
Change Physical Footprint: Designator=C4 Old Footprint=CAPR5-4X5 New Footprint=CAPR5-4X5
Change Physical Footprint: Designator=C5 Old Footprint=C_ELET_D8P5/3.5 New Footprint=C_ELET_D8P5/3.5
Change Physical Footprint: Designator=C6 Old Footprint=CAPR5-4X5 New Footprint=CAPR5-4X5
Change Physical Footprint: Designator=C7 Old Footprint=C0603 New Footprint=C0603
Change Physical Footprint: Designator=C8 Old Footprint=CAPR5-4X5 New Footprint=CAPR5-4X5
Change Physical Footprint: Designator=C9 Old Footprint=C0603 New Footprint=C0603
Change Physical Footprint: Designator=C10 Old Footprint=CAPR5-4X5 New Footprint=CAPR5-4X5
Change Physical Footprint: Designator=CI1 Old Footprint=CI_7805_TO220_V New Footprint=CI_7805_TO220_V
Change Physical Footprint: Designator=CI2 Old Footprint=TO92_78L05 New Footprint=TO92_78L05
Change Physical Footprint: Designator=CI3 Old Footprint=TSSOP20 New Footprint=TSSOP20
Change Physical Footprint: Designator=CN1 Old Footprint=KRE-3P New Footprint=KRE-3P
Change Physical Footprint: Designator=CN2 Old Footprint=HDR1X4 New Footprint=HDR1X4
Change Physical Footprint: Designator=CN3 Old Footprint=CON_BP1X4_180 New Footprint=CON_BP1X4_180
Change Physical Footprint: Designator=CN4 Old Footprint=CON_BP1X4_180 New Footprint=CON_BP1X4_180
Change Physical Footprint: Designator=CN5 Old Footprint=CON_BP1X4_180 New Footprint=CON_BP1X4_180
Change Physical Footprint: Designator=CN6 Old Footprint=CON_BP1X5_180 New Footprint=CON_BP1X5_180
Change Physical Footprint: Designator=CN7 Old Footprint=KRE-2P New Footprint=KRE-2P
Change Physical Footprint: Designator=CN8 Old Footprint=KRE-2P New Footprint=KRE-2P
Change Physical Footprint: Designator=D1 Old Footprint=DO-35_1 New Footprint=DO-35_1
Change Physical Footprint: Designator=D2 Old Footprint=DO-35_1 New Footprint=DO-35_1
Change Physical Footprint: Designator=F1 Old Footprint=PIN-W2/E2.8 New Footprint=PIN-W2/E2.8
Change Physical Footprint: Designator=F2 Old Footprint=MINI_FUSE_BOARD_GLASS New Footprint=MINI_FUSE_BOARD_GLASS
Change Physical Footprint: Designator=F3 Old Footprint=fuse_board_suporte New Footprint=fuse_board_suporte
Change Physical Footprint: Designator=F4 Old Footprint=PIN-W2/E2.8 New Footprint=PIN-W2/E2.8
Change Physical Footprint: Designator=F5 Old Footprint=PIN-W2/E2.8 New Footprint=PIN-W2/E2.8
Change Physical Footprint: Designator=F6 Old Footprint=MINI_FUSE_BOARD_GLASS New Footprint=MINI_FUSE_BOARD_GLASS
Change Physical Footprint: Designator=F7 Old Footprint=MINI_FUSE_BOARD_GLASS New Footprint=MINI_FUSE_BOARD_GLASS
Change Physical Footprint: Designator=F8 Old Footprint=fuse_board_suporte New Footprint=fuse_board_suporte
Change Physical Footprint: Designator=F9 Old Footprint=fuse_board_suporte New Footprint=fuse_board_suporte
Change Physical Footprint: Designator=L1 Old Footprint=LED5MM_180G New Footprint=LED5MM_180G
Change Physical Footprint: Designator=R1 Old Footprint=AXIAL-0.3 New Footprint=AXIAL-0.3
Change Physical Footprint: Designator=R2 Old Footprint=AXIAL-0.3 New Footprint=AXIAL-0.3
Change Physical Footprint: Designator=R3 Old Footprint=AXIAL-0.3 New Footprint=AXIAL-0.3
Change Physical Footprint: Designator=R4 Old Footprint=AXIAL-0.3 New Footprint=AXIAL-0.3
Change Physical Footprint: Designator=R5 Old Footprint=AXIAL-0.3 New Footprint=AXIAL-0.3
Change Physical Footprint: Designator=R6 Old Footprint=AXIAL-0.3 New Footprint=AXIAL-0.3
Change Physical Footprint: Designator=R7 Old Footprint=AXIAL-0.3 New Footprint=AXIAL-0.3
Change Physical Footprint: Designator=T1 Old Footprint=TO-226-AA New Footprint=TO-226-AA
Change Physical Footprint: Designator=T2 Old Footprint=TO-220 New Footprint=TO-220
Change Physical Footprint: Designator=T3 Old Footprint=TO-220 New Footprint=TO-220
