Removed Pin From Net: NetName=NetCI3_5 Pin=CI3-5
Removed Pin From Net: NetName=NetCI3_6 Pin=CI3-6
Removed Pin From Net: NetName=NetCI3_13 Pin=CI3-13
Removed Pin From Net: NetName=NetCI3_14 Pin=CI3-14
Removed Pin From Net: NetName=NetCI3_14 Pin=CN3-1
Removed Pin From Net: NetName=NetCI3_13 Pin=CN4-1
Removed Pin From Net: NetName=NetCI3_6 Pin=R6-1
Removed Pin From Net: NetName=NetCI3_5 Pin=R7-1
Added Component: Designator=C11(C0603)
Add component. Clean all parameters for all variants
Add component (AddParameter): Name = "Value"; Value = "100nF"; VariantName = "[No Variations]"
Added Component: Designator=C12(C0603)
Add component. Clean all parameters for all variants
Add component (AddParameter): Name = "Value"; Value = "100nF"; VariantName = "[No Variations]"
Added Component: Designator=C13(CAPR5-4X5)
Add component. Clean all parameters for all variants
Add component (AddParameter): Name = "PackageDescription"; Value = "Capacitor; 2 Leads"; VariantName = "[No Variations]"
Add component (AddParameter): Name = "PackageReference"; Value = "CAPR5-4X5"; VariantName = "[No Variations]"
Add component (AddParameter): Name = "Published"; Value = "23-Sep-2002"; VariantName = "[No Variations]"
Add component (AddParameter): Name = "Publisher"; Value = "Altium Limited"; VariantName = "[No Variations]"
Add component (AddParameter): Name = "Value"; Value = "100nF"; VariantName = "[No Variations]"
Added Component: Designator=C14(CAPR5-4X5)
Add component. Clean all parameters for all variants
Add component (AddParameter): Name = "PackageDescription"; Value = "Capacitor; 2 Leads"; VariantName = "[No Variations]"
Add component (AddParameter): Name = "PackageReference"; Value = "CAPR5-4X5"; VariantName = "[No Variations]"
Add component (AddParameter): Name = "Published"; Value = "23-Sep-2002"; VariantName = "[No Variations]"
Add component (AddParameter): Name = "Publisher"; Value = "Altium Limited"; VariantName = "[No Variations]"
Add component (AddParameter): Name = "Value"; Value = "100nF"; VariantName = "[No Variations]"
Added Component: Designator=C15(C0603)
Add component. Clean all parameters for all variants
Add component (AddParameter): Name = "Value"; Value = "100nF"; VariantName = "[No Variations]"
Added Component: Designator=C16(C0603)
Add component. Clean all parameters for all variants
Add component (AddParameter): Name = "Value"; Value = "100nF"; VariantName = "[No Variations]"
Added Component: Designator=C17(CAPR5-4X5)
Add component. Clean all parameters for all variants
Add component (AddParameter): Name = "PackageDescription"; Value = "Capacitor; 2 Leads"; VariantName = "[No Variations]"
Add component (AddParameter): Name = "PackageReference"; Value = "CAPR5-4X5"; VariantName = "[No Variations]"
Add component (AddParameter): Name = "Published"; Value = "23-Sep-2002"; VariantName = "[No Variations]"
Add component (AddParameter): Name = "Publisher"; Value = "Altium Limited"; VariantName = "[No Variations]"
Add component (AddParameter): Name = "Value"; Value = "100nF"; VariantName = "[No Variations]"
Added Component: Designator=C18(CAPR5-4X5)
Add component. Clean all parameters for all variants
Add component (AddParameter): Name = "PackageDescription"; Value = "Capacitor; 2 Leads"; VariantName = "[No Variations]"
Add component (AddParameter): Name = "PackageReference"; Value = "CAPR5-4X5"; VariantName = "[No Variations]"
Add component (AddParameter): Name = "Published"; Value = "23-Sep-2002"; VariantName = "[No Variations]"
Add component (AddParameter): Name = "Publisher"; Value = "Altium Limited"; VariantName = "[No Variations]"
Add component (AddParameter): Name = "Value"; Value = "100nF"; VariantName = "[No Variations]"
Added Pin To Net: NetName=GND Pin=C11-1
Added Pin To Net: NetName=NetCI3_5 Pin=C11-2
Added Pin To Net: NetName=GND Pin=C12-1
Added Pin To Net: NetName=NetCI3_6 Pin=C12-2
Added Pin To Net: NetName=NetCI3_5 Pin=C13-1
Added Pin To Net: NetName=GND Pin=C13-2
Added Pin To Net: NetName=NetCI3_6 Pin=C14-1
Added Pin To Net: NetName=GND Pin=C14-2
Added Pin To Net: NetName=GND Pin=C15-1
Added Pin To Net: NetName=NetCI3_13 Pin=C15-2
Added Pin To Net: NetName=GND Pin=C16-1
Added Pin To Net: NetName=NetCI3_14 Pin=C16-2
Added Pin To Net: NetName=NetCI3_13 Pin=C17-1
Added Pin To Net: NetName=GND Pin=C17-2
Added Pin To Net: NetName=NetCI3_14 Pin=C18-1
Added Pin To Net: NetName=GND Pin=C18-2
Added Pin To Net: NetName=NetCI3_14 Pin=CI3-5
Added Pin To Net: NetName=NetCI3_13 Pin=CI3-6
Added Pin To Net: NetName=NetCI3_5 Pin=CI3-13
Added Pin To Net: NetName=NetCI3_6 Pin=CI3-14
Added Pin To Net: NetName=NetCI3_6 Pin=CN3-1
Added Pin To Net: NetName=NetCI3_5 Pin=CN4-1
Added Pin To Net: NetName=NetCI3_13 Pin=R6-1
Added Pin To Net: NetName=NetCI3_14 Pin=R7-1
Change Net Name : Old Net Name=NetCI3_5 New Net Name=NetC11_2
Change Net Name : Old Net Name=NetCI3_6 New Net Name=NetC12_2
Change Net Name : Old Net Name=NetCI3_13 New Net Name=NetC15_2
Change Net Name : Old Net Name=NetCI3_14 New Net Name=NetC16_2
Added Member To Class: ClassName=PARK_COUNTER_PT1_1 Member=Component C11 C0603
Added Member To Class: ClassName=PARK_COUNTER_PT1_1 Member=Component C12 C0603
Added Member To Class: ClassName=PARK_COUNTER_PT1_1 Member=Component C13 Cap2
Added Member To Class: ClassName=PARK_COUNTER_PT1_1 Member=Component C14 Cap2
Added Member To Class: ClassName=PARK_COUNTER_PT1_2 Member=Component C15 C0603
Added Member To Class: ClassName=PARK_COUNTER_PT1_2 Member=Component C16 C0603
Added Member To Class: ClassName=PARK_COUNTER_PT1_2 Member=Component C17 Cap2
Added Member To Class: ClassName=PARK_COUNTER_PT1_2 Member=Component C18 Cap2
